app/build/intermediates/manifest_merge_blame_file/debug/manifest-merger-blame-debug-report.txt
1<?xml version="1.0" encoding="utf-8"?>
2<manifest xmlns:android="http://schemas.android.com/apk/res/android"
3    package="com.example.myfitness"
4    android:versionCode="1"
5    android:versionName="1.0" >
6
7    <uses-sdk
8        android:minSdkVersion="21"
8-->src\main\AndroidManifest.xml
9        android:targetSdkVersion="29" />
9-->src\main\AndroidManifest.xml
10
11    <uses-permission android:name="android.permission.READ_EXTERNAL_STORAGE" />
11-->src\main\AndroidManifest.xml:5:5-80
11-->src\main\AndroidManifest.xml:5:22-77
12    <uses-permission android:name="android.permission.INTERNET" />
12-->src\main\AndroidManifest.xml:6:5-67
12-->src\main\AndroidManifest.xml:6:22-64
13    <uses-permission android:name="android.permission.WRITE_EXTERNAL_STORAGE" />
13-->src\main\AndroidManifest.xml:7:5-81
13-->src\main\AndroidManifest.xml:7:22-78
14
15    <application
15-->src\main\AndroidManifest.xml:9:5-40:19
16        android:allowBackup="true"
16-->src\main\AndroidManifest.xml:10:13-39
17        android:appComponentFactory="androidx.core.app.CoreComponentFactory"
17-->[androidx.core:core:1.1.0-rc01] AndroidManifest.xml:24:18-86
18        android:debuggable="true"
19        android:icon="@mipmap/ic_launcher"
19-->src\main\AndroidManifest.xml:11:13-47
20        android:label="@string/app_name"
20-->src\main\AndroidManifest.xml:12:13-45
21        android:roundIcon="@mipmap/ic_launcher_round"
21-->src\main\AndroidManifest.xml:13:13-58
22        android:supportsRtl="true"
22-->src\main\AndroidManifest.xml:14:13-39
23        android:testOnly="true"
24        android:theme="@style/AppTheme" >
24-->src\main\AndroidManifest.xml:15:13-44
25        <activity
25-->src\main\AndroidManifest.xml:16:9-25:20
26            android:name="com.example.myfitness.view.activities.SplashScreenActivity"
26-->src\main\AndroidManifest.xml:16:19-71
27            android:configChanges="orientation|keyboardHidden"
27-->src\main\AndroidManifest.xml:17:17-67
28            android:screenOrientation="portrait"
28-->src\main\AndroidManifest.xml:18:17-53
29            android:theme="@style/Theme.AppCompat.Light.NoActionBar.FullScreen" >
29-->src\main\AndroidManifest.xml:19:17-84
30            <intent-filter>
30-->src\main\AndroidManifest.xml:20:13-24:29
31                <action android:name="android.intent.action.MAIN" />
31-->src\main\AndroidManifest.xml:21:17-69
31-->src\main\AndroidManifest.xml:21:25-66
32
33                <category android:name="android.intent.category.LAUNCHER" />
33-->src\main\AndroidManifest.xml:23:17-77
33-->src\main\AndroidManifest.xml:23:27-74
34            </intent-filter>
35        </activity>
36        <activity
36-->src\main\AndroidManifest.xml:26:9-32:20
37            android:name="com.example.myfitness.view.activities.MainActivity"
37-->src\main\AndroidManifest.xml:27:17-61
38            android:configChanges="orientation|keyboardHidden"
38-->src\main\AndroidManifest.xml:28:17-67
39            android:screenOrientation="portrait" >
39-->src\main\AndroidManifest.xml:29:17-53
40
41            <!-- android:windowSoftInputMode="adjustResize"> -->
42        </activity>
43        <activity
43-->src\main\AndroidManifest.xml:33:9-39:20
44            android:name="com.example.myfitness.view.activities.StartActivity"
44-->src\main\AndroidManifest.xml:34:17-62
45            android:configChanges="orientation|keyboardHidden"
45-->src\main\AndroidManifest.xml:35:17-67
46            android:screenOrientation="portrait"
46-->src\main\AndroidManifest.xml:36:17-53
47            android:theme="@style/Theme.AppCompat.Light.NoActionBar.FullScreen"
47-->src\main\AndroidManifest.xml:37:17-84
48            android:windowSoftInputMode="adjustResize" >
48-->src\main\AndroidManifest.xml:38:17-59
49        </activity>
50
51        <service
51-->[androidx.room:room-runtime:2.2.0-beta01] AndroidManifest.xml:25:9-27:40
52            android:name="androidx.room.MultiInstanceInvalidationService"
52-->[androidx.room:room-runtime:2.2.0-beta01] AndroidManifest.xml:26:13-74
53            android:exported="false" />
53-->[androidx.room:room-runtime:2.2.0-beta01] AndroidManifest.xml:27:13-37
54    </application>
55
56</manifest>